Determining if the pthread_create exist failed with the following output:
Change Dir: /home/slam/DepthGesture/stnumber/cmake-build-debug/CMakeFiles/CMakeTmp

Run Build Command:"/usr/bin/make" "cmTC_57258/fast"
/usr/bin/make -f CMakeFiles/cmTC_57258.dir/build.make CMakeFiles/cmTC_57258.dir/build
make[1]: Entering directory `/home/slam/DepthGesture/stnumber/cmake-build-debug/CMakeFiles/CMakeTmp'
Building C object CMakeFiles/cmTC_57258.dir/CheckSymbolExists.c.o
/usr/bin/cc   -fPIC    -o CMakeFiles/cmTC_57258.dir/CheckSymbolExists.c.o   -c /home/slam/DepthGesture/stnumber/cmake-build-debug/CMakeFiles/CMakeTmp/CheckSymbolExists.c
Linking C executable cmTC_57258
/opt/clion-2017.2/bin/cmake/bin/cmake -E cmake_link_script CMakeFiles/cmTC_57258.dir/link.txt --verbose=1
/usr/bin/cc -fPIC     -rdynamic CMakeFiles/cmTC_57258.dir/CheckSymbolExists.c.o  -o cmTC_57258 
CMakeFiles/cmTC_57258.dir/CheckSymbolExists.c.o: In function `main':
CheckSymbolExists.c:(.text+0x1b): undefined reference to `pthread_create'
collect2: error: ld returned 1 exit status
make[1]: *** [cmTC_57258] Error 1
make[1]: Leaving directory `/home/slam/DepthGesture/stnumber/cmake-build-debug/CMakeFiles/CMakeTmp'
make: *** [cmTC_57258/fast] Error 2

File /home/slam/DepthGesture/stnumber/cmake-build-debug/CMakeFiles/CMakeTmp/CheckSymbolExists.c:
/* */
#include <pthread.h>

int main(int argc, char** argv)
{
  (void)argv;
#ifndef pthread_create
  return ((int*)(&pthread_create))[argc];
#else
  (void)argc;
  return 0;
#endif
}

Determining if the function pthread_create exists in the pthreads failed with the following output:
Change Dir: /home/slam/DepthGesture/stnumber/cmake-build-debug/CMakeFiles/CMakeTmp

Run Build Command:"/usr/bin/make" "cmTC_33b98/fast"
/usr/bin/make -f CMakeFiles/cmTC_33b98.dir/build.make CMakeFiles/cmTC_33b98.dir/build
make[1]: Entering directory `/home/slam/DepthGesture/stnumber/cmake-build-debug/CMakeFiles/CMakeTmp'
Building C object CMakeFiles/cmTC_33b98.dir/CheckFunctionExists.c.o
/usr/bin/cc   -fPIC -DCHECK_FUNCTION_EXISTS=pthread_create   -o CMakeFiles/cmTC_33b98.dir/CheckFunctionExists.c.o   -c /opt/clion-2017.2/bin/cmake/share/cmake-3.8/Modules/CheckFunctionExists.c
Linking C executable cmTC_33b98
/opt/clion-2017.2/bin/cmake/bin/cmake -E cmake_link_script CMakeFiles/cmTC_33b98.dir/link.txt --verbose=1
/usr/bin/cc -fPIC -DCHECK_FUNCTION_EXISTS=pthread_create    -rdynamic CMakeFiles/cmTC_33b98.dir/CheckFunctionExists.c.o  -o cmTC_33b98 -lpthreads 
/usr/bin/ld: cannot find -lpthreads
collect2: error: ld returned 1 exit status
make[1]: *** [cmTC_33b98] Error 1
make[1]: Leaving directory `/home/slam/DepthGesture/stnumber/cmake-build-debug/CMakeFiles/CMakeTmp'
make: *** [cmTC_33b98/fast] Error 2


